<?xml version="1.0" encoding="UTF-8"?>
<coverage generated="1756768868816" clover="3.2.0">
  <project timestamp="1756768868816" name="All files">
    <metrics statements="141" coveredstatements="141" conditionals="32" coveredconditionals="31" methods="19" coveredmethods="19" elements="192" coveredelements="191" complexity="0" loc="141" ncloc="141" packages="1" files="4" classes="4"/>
    <file name="Conta.js" path="C:\Users\DEL\Desktop\Tarefa QTS - ARRUMAR\model\Conta.js">
      <metrics statements="58" coveredstatements="58" conditionals="21" coveredconditionals="21" methods="9" coveredmethods="9"/>
      <line num="1" count="3" type="stmt"/>
      <line num="4" count="3" type="stmt"/>
      <line num="6" count="44" type="stmt"/>
      <line num="7" count="44" type="stmt"/>
      <line num="8" count="44" type="stmt"/>
      <line num="9" count="44" type="stmt"/>
      <line num="10" count="44" type="stmt"/>
      <line num="11" count="44" type="stmt"/>
      <line num="15" count="21" type="stmt"/>
      <line num="17" count="21" type="stmt"/>
      <line num="18" count="21" type="stmt"/>
      <line num="19" count="303" type="cond" truecount="5" falsecount="0"/>
      <line num="20" count="16" type="stmt"/>
      <line num="25" count="21" type="cond" truecount="2" falsecount="0"/>
      <line num="26" count="16" type="stmt"/>
      <line num="28" count="5" type="stmt"/>
      <line num="33" count="2" type="cond" truecount="2" falsecount="0"/>
      <line num="34" count="1" type="stmt"/>
      <line num="36" count="1" type="stmt"/>
      <line num="41" count="9" type="cond" truecount="2" falsecount="0"/>
      <line num="42" count="8" type="cond" truecount="2" falsecount="0"/>
      <line num="43" count="4" type="stmt"/>
      <line num="44" count="4" type="stmt"/>
      <line num="46" count="4" type="stmt"/>
      <line num="49" count="1" type="stmt"/>
      <line num="54" count="5" type="cond" truecount="2" falsecount="0"/>
      <line num="55" count="4" type="stmt"/>
      <line num="56" count="4" type="stmt"/>
      <line num="58" count="1" type="stmt"/>
      <line num="64" count="10" type="stmt"/>
      <line num="65" count="10" type="stmt"/>
      <line num="66" count="10" type="cond" truecount="2" falsecount="0"/>
      <line num="69" count="9" type="stmt"/>
      <line num="70" count="9" type="stmt"/>
      <line num="71" count="9" type="cond" truecount="2" falsecount="0"/>
      <line num="74" count="6" type="stmt"/>
      <line num="75" count="6" type="cond" truecount="2" falsecount="0"/>
      <line num="76" count="3" type="stmt"/>
      <line num="80" count="3" type="stmt"/>
      <line num="81" count="3" type="stmt"/>
      <line num="86" count="1" type="stmt"/>
      <line num="87" count="1" type="stmt"/>
      <line num="91" count="1" type="stmt"/>
      <line num="92" count="1" type="stmt"/>
      <line num="93" count="1" type="stmt"/>
      <line num="94" count="1" type="stmt"/>
      <line num="95" count="1" type="stmt"/>
      <line num="96" count="1" type="stmt"/>
      <line num="97" count="1" type="stmt"/>
      <line num="98" count="1" type="stmt"/>
      <line num="99" count="1" type="stmt"/>
      <line num="100" count="1" type="stmt"/>
      <line num="101" count="1" type="stmt"/>
      <line num="102" count="1" type="stmt"/>
      <line num="103" count="1" type="stmt"/>
      <line num="104" count="1" type="stmt"/>
      <line num="105" count="1" type="stmt"/>
      <line num="110" count="3" type="stmt"/>
    </file>
    <file name="ContaCorrente.js" path="C:\Users\DEL\Desktop\Tarefa QTS - ARRUMAR\model\ContaCorrente.js">
      <metrics statements="37" coveredstatements="37" conditionals="10" coveredconditionals="9" methods="4" coveredmethods="4"/>
      <line num="1" count="1" type="stmt"/>
      <line num="2" count="1" type="stmt"/>
      <line num="5" count="1" type="stmt"/>
      <line num="8" count="22" type="stmt"/>
      <line num="9" count="22" type="stmt"/>
      <line num="12" count="22" type="stmt"/>
      <line num="16" count="1" type="stmt"/>
      <line num="17" count="1" type="stmt"/>
      <line num="21" count="7" type="cond" truecount="4" falsecount="0"/>
      <line num="22" count="1" type="stmt"/>
      <line num="25" count="6" type="cond" truecount="4" falsecount="0"/>
      <line num="26" count="2" type="stmt"/>
      <line num="29" count="4" type="stmt"/>
      <line num="31" count="4" type="stmt"/>
      <line num="41" count="1" type="stmt"/>
      <line num="42" count="1" type="stmt"/>
      <line num="44" count="1" type="stmt"/>
      <line num="45" count="1" type="stmt"/>
      <line num="46" count="1" type="stmt"/>
      <line num="47" count="1" type="stmt"/>
      <line num="48" count="1" type="stmt"/>
      <line num="49" count="1" type="stmt"/>
      <line num="50" count="1" type="stmt"/>
      <line num="51" count="1" type="stmt"/>
      <line num="52" count="1" type="stmt"/>
      <line num="53" count="1" type="stmt"/>
      <line num="54" count="1" type="stmt"/>
      <line num="55" count="1" type="stmt"/>
      <line num="56" count="1" type="stmt"/>
      <line num="57" count="1" type="stmt"/>
      <line num="58" count="1" type="stmt"/>
      <line num="59" count="1" type="stmt"/>
      <line num="60" count="1" type="stmt"/>
      <line num="61" count="1" type="stmt"/>
      <line num="62" count="1" type="stmt"/>
      <line num="63" count="1" type="stmt"/>
      <line num="67" count="1" type="stmt"/>
    </file>
    <file name="ContaPoupanca.js" path="C:\Users\DEL\Desktop\Tarefa QTS - ARRUMAR\model\ContaPoupanca.js">
      <metrics statements="17" coveredstatements="17" conditionals="1" coveredconditionals="1" methods="4" coveredmethods="4"/>
      <line num="1" count="1" type="stmt"/>
      <line num="2" count="1" type="stmt"/>
      <line num="5" count="1" type="stmt"/>
      <line num="8" count="9" type="stmt"/>
      <line num="9" count="9" type="stmt"/>
      <line num="15" count="4" type="stmt"/>
      <line num="16" count="9" type="stmt"/>
      <line num="18" count="4" type="stmt"/>
      <line num="23" count="2" type="stmt"/>
      <line num="27" count="1" type="stmt"/>
      <line num="28" count="1" type="stmt"/>
      <line num="30" count="1" type="stmt"/>
      <line num="31" count="1" type="stmt"/>
      <line num="32" count="1" type="stmt"/>
      <line num="33" count="1" type="stmt"/>
      <line num="34" count="1" type="stmt"/>
      <line num="38" count="1" type="stmt"/>
    </file>
    <file name="Titular.js" path="C:\Users\DEL\Desktop\Tarefa QTS - ARRUMAR\model\Titular.js">
      <metrics statements="29" coveredstatements="29" conditionals="0" coveredconditionals="0" methods="2" coveredmethods="2"/>
      <line num="2" count="4" type="stmt"/>
      <line num="4" count="80" type="stmt"/>
      <line num="5" count="80" type="stmt"/>
      <line num="6" count="80" type="stmt"/>
      <line num="7" count="80" type="stmt"/>
      <line num="8" count="80" type="stmt"/>
      <line num="9" count="80" type="stmt"/>
      <line num="10" count="80" type="stmt"/>
      <line num="14" count="4" type="stmt"/>
      <line num="15" count="4" type="stmt"/>
      <line num="16" count="4" type="stmt"/>
      <line num="17" count="4" type="stmt"/>
      <line num="18" count="4" type="stmt"/>
      <line num="19" count="4" type="stmt"/>
      <line num="20" count="4" type="stmt"/>
      <line num="21" count="4" type="stmt"/>
      <line num="22" count="4" type="stmt"/>
      <line num="23" count="4" type="stmt"/>
      <line num="24" count="4" type="stmt"/>
      <line num="25" count="4" type="stmt"/>
      <line num="26" count="4" type="stmt"/>
      <line num="27" count="4" type="stmt"/>
      <line num="28" count="4" type="stmt"/>
      <line num="29" count="4" type="stmt"/>
      <line num="30" count="4" type="stmt"/>
      <line num="31" count="4" type="stmt"/>
      <line num="32" count="4" type="stmt"/>
      <line num="33" count="4" type="stmt"/>
      <line num="40" count="4" type="stmt"/>
    </file>
  </project>
</coverage>
