{"C:\\Users\\DEL\\Desktop\\Tarefa QTS - ARRUMAR\\model\\Conta.js": {"path":"C:\\Users\\DEL\\Desktop\\Tarefa QTS - ARRUMAR\\model\\Conta.js","statementMap":{"0":{"start":{"line":1,"column":20},"end":{"line":1,"column":44}},"1":{"start":{"line":4,"column":20},"end":{"line":4,"column":22}},"2":{"start":{"line":6,"column":8},"end":{"line":6,"column":26}},"3":{"start":{"line":7,"column":8},"end":{"line":7,"column":26}},"4":{"start":{"line":8,"column":8},"end":{"line":8,"column":30}},"5":{"start":{"line":9,"column":8},"end":{"line":9,"column":40}},"6":{"start":{"line":10,"column":8},"end":{"line":10,"column":30}},"7":{"start":{"line":11,"column":8},"end":{"line":11,"column":31}},"8":{"start":{"line":15,"column":21},"end":{"line":15,"column":33}},"9":{"start":{"line":17,"column":27},"end":{"line":17,"column":31}},"10":{"start":{"line":18,"column":8},"end":{"line":23,"column":10}},"11":{"start":{"line":19,"column":12},"end":{"line":21,"column":13}},"12":{"start":{"line":20,"column":16},"end":{"line":20,"column":43}},"13":{"start":{"line":25,"column":8},"end":{"line":29,"column":9}},"14":{"start":{"line":26,"column":12},"end":{"line":26,"column":54}},"15":{"start":{"line":28,"column":12},"end":{"line":28,"column":47}},"16":{"start":{"line":33,"column":8},"end":{"line":37,"column":9}},"17":{"start":{"line":34,"column":12},"end":{"line":34,"column":39}},"18":{"start":{"line":36,"column":12},"end":{"line":36,"column":43}},"19":{"start":{"line":41,"column":8},"end":{"line":50,"column":9}},"20":{"start":{"line":42,"column":12},"end":{"line":47,"column":13}},"21":{"start":{"line":43,"column":16},"end":{"line":43,"column":47}},"22":{"start":{"line":44,"column":16},"end":{"line":44,"column":107}},"23":{"start":{"line":46,"column":16},"end":{"line":46,"column":73}},"24":{"start":{"line":49,"column":12},"end":{"line":49,"column":43}},"25":{"start":{"line":54,"column":8},"end":{"line":59,"column":9}},"26":{"start":{"line":55,"column":12},"end":{"line":55,"column":43}},"27":{"start":{"line":56,"column":12},"end":{"line":56,"column":109}},"28":{"start":{"line":58,"column":12},"end":{"line":58,"column":46}},"29":{"start":{"line":64,"column":27},"end":{"line":64,"column":88}},"30":{"start":{"line":65,"column":28},"end":{"line":65,"column":44}},"31":{"start":{"line":66,"column":8},"end":{"line":66,"column":74}},"32":{"start":{"line":66,"column":26},"end":{"line":66,"column":74}},"33":{"start":{"line":69,"column":28},"end":{"line":69,"column":92}},"34":{"start":{"line":70,"column":29},"end":{"line":70,"column":46}},"35":{"start":{"line":71,"column":8},"end":{"line":71,"column":76}},"36":{"start":{"line":71,"column":27},"end":{"line":71,"column":76}},"37":{"start":{"line":74,"column":26},"end":{"line":74,"column":56}},"38":{"start":{"line":75,"column":8},"end":{"line":77,"column":9}},"39":{"start":{"line":76,"column":12},"end":{"line":76,"column":66}},"40":{"start":{"line":80,"column":8},"end":{"line":80,"column":44}},"41":{"start":{"line":81,"column":8},"end":{"line":81,"column":58}},"42":{"start":{"line":86,"column":8},"end":{"line":86,"column":36}},"43":{"start":{"line":87,"column":8},"end":{"line":87,"column":19}},"44":{"start":{"line":91,"column":8},"end":{"line":91,"column":32}},"45":{"start":{"line":92,"column":24},"end":{"line":92,"column":41}},"46":{"start":{"line":93,"column":8},"end":{"line":93,"column":53}},"47":{"start":{"line":94,"column":8},"end":{"line":94,"column":55}},"48":{"start":{"line":95,"column":8},"end":{"line":95,"column":58}},"49":{"start":{"line":96,"column":8},"end":{"line":96,"column":53}},"50":{"start":{"line":97,"column":8},"end":{"line":97,"column":53}},"51":{"start":{"line":98,"column":8},"end":{"line":98,"column":53}},"52":{"start":{"line":99,"column":8},"end":{"line":99,"column":53}},"53":{"start":{"line":100,"column":8},"end":{"line":100,"column":53}},"54":{"start":{"line":101,"column":8},"end":{"line":101,"column":53}},"55":{"start":{"line":102,"column":8},"end":{"line":102,"column":53}},"56":{"start":{"line":103,"column":8},"end":{"line":103,"column":54}},"57":{"start":{"line":104,"column":8},"end":{"line":104,"column":53}},"58":{"start":{"line":105,"column":8},"end":{"line":105,"column":54}},"59":{"start":{"line":110,"column":1},"end":{"line":110,"column":25}}},"fnMap":{"0":{"name":"(anonymous_0)","decl":{"start":{"line":5,"column":4},"end":{"line":5,"column":5}},"loc":{"start":{"line":5,"column":61},"end":{"line":12,"column":5}},"line":5},"1":{"name":"(anonymous_1)","decl":{"start":{"line":14,"column":4},"end":{"line":14,"column":5}},"loc":{"start":{"line":14,"column":45},"end":{"line":30,"column":5}},"line":14},"2":{"name":"(anonymous_2)","decl":{"start":{"line":18,"column":23},"end":{"line":18,"column":24}},"loc":{"start":{"line":18,"column":33},"end":{"line":23,"column":9}},"line":18},"3":{"name":"(anonymous_3)","decl":{"start":{"line":32,"column":4},"end":{"line":32,"column":5}},"loc":{"start":{"line":32,"column":27},"end":{"line":38,"column":5}},"line":32},"4":{"name":"(anonymous_4)","decl":{"start":{"line":40,"column":4},"end":{"line":40,"column":5}},"loc":{"start":{"line":40,"column":24},"end":{"line":51,"column":5}},"line":40},"5":{"name":"(anonymous_5)","decl":{"start":{"line":53,"column":4},"end":{"line":53,"column":5}},"loc":{"start":{"line":53,"column":28},"end":{"line":60,"column":5}},"line":53},"6":{"name":"(anonymous_6)","decl":{"start":{"line":62,"column":4},"end":{"line":62,"column":5}},"loc":{"start":{"line":62,"column":39},"end":{"line":82,"column":5}},"line":62},"7":{"name":"(anonymous_7)","decl":{"start":{"line":85,"column":4},"end":{"line":85,"column":5}},"loc":{"start":{"line":85,"column":16},"end":{"line":88,"column":5}},"line":85},"8":{"name":"(anonymous_8)","decl":{"start":{"line":90,"column":4},"end":{"line":90,"column":5}},"loc":{"start":{"line":90,"column":24},"end":{"line":106,"column":5}},"line":90}},"branchMap":{"0":{"loc":{"start":{"line":19,"column":12},"end":{"line":21,"column":13}},"type":"if","locations":[{"start":{"line":19,"column":12},"end":{"line":21,"column":13}},{"start":{},"end":{}}],"line":19},"1":{"loc":{"start":{"line":19,"column":15},"end":{"line":19,"column":95}},"type":"binary-expr","locations":[{"start":{"line":19,"column":15},"end":{"line":19,"column":39}},{"start":{"line":19,"column":43},"end":{"line":19,"column":63}},{"start":{"line":19,"column":67},"end":{"line":19,"column":95}}],"line":19},"2":{"loc":{"start":{"line":25,"column":8},"end":{"line":29,"column":9}},"type":"if","locations":[{"start":{"line":25,"column":8},"end":{"line":29,"column":9}},{"start":{"line":27,"column":15},"end":{"line":29,"column":9}}],"line":25},"3":{"loc":{"start":{"line":33,"column":8},"end":{"line":37,"column":9}},"type":"if","locations":[{"start":{"line":33,"column":8},"end":{"line":37,"column":9}},{"start":{"line":35,"column":15},"end":{"line":37,"column":9}}],"line":33},"4":{"loc":{"start":{"line":41,"column":8},"end":{"line":50,"column":9}},"type":"if","locations":[{"start":{"line":41,"column":8},"end":{"line":50,"column":9}},{"start":{"line":48,"column":15},"end":{"line":50,"column":9}}],"line":41},"5":{"loc":{"start":{"line":42,"column":12},"end":{"line":47,"column":13}},"type":"if","locations":[{"start":{"line":42,"column":12},"end":{"line":47,"column":13}},{"start":{"line":45,"column":18},"end":{"line":47,"column":13}}],"line":42},"6":{"loc":{"start":{"line":54,"column":8},"end":{"line":59,"column":9}},"type":"if","locations":[{"start":{"line":54,"column":8},"end":{"line":59,"column":9}},{"start":{"line":57,"column":15},"end":{"line":59,"column":9}}],"line":54},"7":{"loc":{"start":{"line":66,"column":8},"end":{"line":66,"column":74}},"type":"if","locations":[{"start":{"line":66,"column":8},"end":{"line":66,"column":74}},{"start":{},"end":{}}],"line":66},"8":{"loc":{"start":{"line":71,"column":8},"end":{"line":71,"column":76}},"type":"if","locations":[{"start":{"line":71,"column":8},"end":{"line":71,"column":76}},{"start":{},"end":{}}],"line":71},"9":{"loc":{"start":{"line":75,"column":8},"end":{"line":77,"column":9}},"type":"if","locations":[{"start":{"line":75,"column":8},"end":{"line":77,"column":9}},{"start":{},"end":{}}],"line":75}},"s":{"0":3,"1":3,"2":44,"3":44,"4":44,"5":44,"6":44,"7":44,"8":21,"9":21,"10":21,"11":303,"12":16,"13":21,"14":16,"15":5,"16":2,"17":1,"18":1,"19":9,"20":8,"21":4,"22":4,"23":4,"24":1,"25":5,"26":4,"27":4,"28":1,"29":10,"30":10,"31":10,"32":1,"33":9,"34":9,"35":9,"36":3,"37":6,"38":6,"39":3,"40":3,"41":3,"42":1,"43":1,"44":1,"45":1,"46":1,"47":1,"48":1,"49":1,"50":1,"51":1,"52":1,"53":1,"54":1,"55":1,"56":1,"57":1,"58":1,"59":3},"f":{"0":44,"1":21,"2":303,"3":2,"4":9,"5":5,"6":10,"7":1,"8":1},"b":{"0":[16,287],"1":[303,17,16],"2":[16,5],"3":[1,1],"4":[8,1],"5":[4,4],"6":[4,1],"7":[1,9],"8":[3,6],"9":[3,3]},"_coverageSchema":"1a1c01bbd47fc00a2c39e90264f33305004495a9","hash":"faa830151f6963de4a0067cbedaba6e91f635369"}
,"C:\\Users\\DEL\\Desktop\\Tarefa QTS - ARRUMAR\\model\\ContaCorrente.js": {"path":"C:\\Users\\DEL\\Desktop\\Tarefa QTS - ARRUMAR\\model\\ContaCorrente.js","statementMap":{"0":{"start":{"line":1,"column":20},"end":{"line":1,"column":43}},"1":{"start":{"line":2,"column":18},"end":{"line":2,"column":39}},"2":{"start":{"line":5,"column":22},"end":{"line":5,"column":24}},"3":{"start":{"line":8,"column":8},"end":{"line":8,"column":59}},"4":{"start":{"line":9,"column":8},"end":{"line":9,"column":28}},"5":{"start":{"line":12,"column":8},"end":{"line":12,"column":41}},"6":{"start":{"line":16,"column":8},"end":{"line":16,"column":24}},"7":{"start":{"line":17,"column":8},"end":{"line":17,"column":19}},"8":{"start":{"line":21,"column":8},"end":{"line":23,"column":9}},"9":{"start":{"line":22,"column":12},"end":{"line":22,"column":71}},"10":{"start":{"line":25,"column":8},"end":{"line":27,"column":9}},"11":{"start":{"line":26,"column":12},"end":{"line":26,"column":84}},"12":{"start":{"line":29,"column":8},"end":{"line":29,"column":28}},"13":{"start":{"line":31,"column":8},"end":{"line":33,"column":10}},"14":{"start":{"line":41,"column":8},"end":{"line":41,"column":32}},"15":{"start":{"line":42,"column":26},"end":{"line":42,"column":43}},"16":{"start":{"line":44,"column":8},"end":{"line":44,"column":69}},"17":{"start":{"line":45,"column":8},"end":{"line":45,"column":68}},"18":{"start":{"line":46,"column":8},"end":{"line":46,"column":69}},"19":{"start":{"line":47,"column":8},"end":{"line":47,"column":69}},"20":{"start":{"line":48,"column":8},"end":{"line":48,"column":68}},"21":{"start":{"line":49,"column":8},"end":{"line":49,"column":68}},"22":{"start":{"line":50,"column":8},"end":{"line":50,"column":69}},"23":{"start":{"line":51,"column":8},"end":{"line":51,"column":70}},"24":{"start":{"line":52,"column":8},"end":{"line":52,"column":68}},"25":{"start":{"line":53,"column":8},"end":{"line":53,"column":69}},"26":{"start":{"line":54,"column":8},"end":{"line":54,"column":70}},"27":{"start":{"line":55,"column":8},"end":{"line":55,"column":70}},"28":{"start":{"line":56,"column":8},"end":{"line":56,"column":70}},"29":{"start":{"line":57,"column":8},"end":{"line":57,"column":70}},"30":{"start":{"line":58,"column":8},"end":{"line":58,"column":70}},"31":{"start":{"line":59,"column":8},"end":{"line":59,"column":69}},"32":{"start":{"line":60,"column":8},"end":{"line":60,"column":70}},"33":{"start":{"line":61,"column":8},"end":{"line":61,"column":70}},"34":{"start":{"line":62,"column":8},"end":{"line":62,"column":69}},"35":{"start":{"line":63,"column":8},"end":{"line":63,"column":70}},"36":{"start":{"line":67,"column":0},"end":{"line":67,"column":34}}},"fnMap":{"0":{"name":"(anonymous_0)","decl":{"start":{"line":7,"column":4},"end":{"line":7,"column":5}},"loc":{"start":{"line":7,"column":74},"end":{"line":13,"column":5}},"line":7},"1":{"name":"(anonymous_1)","decl":{"start":{"line":15,"column":4},"end":{"line":15,"column":5}},"loc":{"start":{"line":15,"column":17},"end":{"line":18,"column":5}},"line":15},"2":{"name":"(anonymous_2)","decl":{"start":{"line":20,"column":4},"end":{"line":20,"column":5}},"loc":{"start":{"line":20,"column":37},"end":{"line":35,"column":5}},"line":20},"3":{"name":"(anonymous_3)","decl":{"start":{"line":40,"column":4},"end":{"line":40,"column":5}},"loc":{"start":{"line":40,"column":34},"end":{"line":64,"column":5}},"line":40}},"branchMap":{"0":{"loc":{"start":{"line":7,"column":62},"end":{"line":7,"column":72}},"type":"default-arg","locations":[{"start":{"line":7,"column":71},"end":{"line":7,"column":72}}],"line":7},"1":{"loc":{"start":{"line":20,"column":17},"end":{"line":20,"column":35}},"type":"default-arg","locations":[{"start":{"line":20,"column":30},"end":{"line":20,"column":35}}],"line":20},"2":{"loc":{"start":{"line":21,"column":8},"end":{"line":23,"column":9}},"type":"if","locations":[{"start":{"line":21,"column":8},"end":{"line":23,"column":9}},{"start":{},"end":{}}],"line":21},"3":{"loc":{"start":{"line":21,"column":12},"end":{"line":21,"column":45}},"type":"binary-expr","locations":[{"start":{"line":21,"column":12},"end":{"line":21,"column":23}},{"start":{"line":21,"column":27},"end":{"line":21,"column":45}}],"line":21},"4":{"loc":{"start":{"line":25,"column":8},"end":{"line":27,"column":9}},"type":"if","locations":[{"start":{"line":25,"column":8},"end":{"line":27,"column":9}},{"start":{},"end":{}}],"line":25},"5":{"loc":{"start":{"line":25,"column":12},"end":{"line":25,"column":58}},"type":"binary-expr","locations":[{"start":{"line":25,"column":12},"end":{"line":25,"column":22}},{"start":{"line":25,"column":26},"end":{"line":25,"column":58}}],"line":25}},"s":{"0":1,"1":1,"2":1,"3":22,"4":22,"5":22,"6":1,"7":1,"8":7,"9":1,"10":6,"11":2,"12":4,"13":4,"14":1,"15":1,"16":1,"17":1,"18":1,"19":1,"20":1,"21":1,"22":1,"23":1,"24":1,"25":1,"26":1,"27":1,"28":1,"29":1,"30":1,"31":1,"32":1,"33":1,"34":1,"35":1,"36":1},"f":{"0":22,"1":1,"2":7,"3":1},"b":{"0":[1],"1":[0],"2":[1,6],"3":[7,1],"4":[2,4],"5":[6,6]},"_coverageSchema":"1a1c01bbd47fc00a2c39e90264f33305004495a9","hash":"f792bd3b5d3312ce6a8327392b1e7f12968694a7"}
,"C:\\Users\\DEL\\Desktop\\Tarefa QTS - ARRUMAR\\model\\ContaPoupanca.js": {"path":"C:\\Users\\DEL\\Desktop\\Tarefa QTS - ARRUMAR\\model\\ContaPoupanca.js","statementMap":{"0":{"start":{"line":1,"column":20},"end":{"line":1,"column":43}},"1":{"start":{"line":2,"column":18},"end":{"line":2,"column":39}},"2":{"start":{"line":5,"column":22},"end":{"line":5,"column":24}},"3":{"start":{"line":8,"column":8},"end":{"line":8,"column":59}},"4":{"start":{"line":9,"column":8},"end":{"line":9,"column":41}},"5":{"start":{"line":15,"column":8},"end":{"line":17,"column":9}},"6":{"start":{"line":15,"column":21},"end":{"line":15,"column":22}},"7":{"start":{"line":16,"column":12},"end":{"line":16,"column":44}},"8":{"start":{"line":18,"column":8},"end":{"line":18,"column":19}},"9":{"start":{"line":23,"column":8},"end":{"line":23,"column":25}},"10":{"start":{"line":27,"column":8},"end":{"line":27,"column":32}},"11":{"start":{"line":28,"column":26},"end":{"line":28,"column":43}},"12":{"start":{"line":30,"column":8},"end":{"line":30,"column":64}},"13":{"start":{"line":31,"column":8},"end":{"line":31,"column":64}},"14":{"start":{"line":32,"column":8},"end":{"line":32,"column":64}},"15":{"start":{"line":33,"column":8},"end":{"line":33,"column":64}},"16":{"start":{"line":34,"column":8},"end":{"line":34,"column":63}},"17":{"start":{"line":38,"column":0},"end":{"line":38,"column":34}}},"fnMap":{"0":{"name":"(anonymous_0)","decl":{"start":{"line":7,"column":4},"end":{"line":7,"column":5}},"loc":{"start":{"line":7,"column":62},"end":{"line":10,"column":5}},"line":7},"1":{"name":"(anonymous_1)","decl":{"start":{"line":13,"column":4},"end":{"line":13,"column":5}},"loc":{"start":{"line":13,"column":30},"end":{"line":19,"column":5}},"line":13},"2":{"name":"(anonymous_2)","decl":{"start":{"line":22,"column":4},"end":{"line":22,"column":5}},"loc":{"start":{"line":22,"column":17},"end":{"line":24,"column":5}},"line":22},"3":{"name":"(anonymous_3)","decl":{"start":{"line":26,"column":4},"end":{"line":26,"column":5}},"loc":{"start":{"line":26,"column":33},"end":{"line":35,"column":5}},"line":26}},"branchMap":{"0":{"loc":{"start":{"line":13,"column":16},"end":{"line":13,"column":28}},"type":"default-arg","locations":[{"start":{"line":13,"column":27},"end":{"line":13,"column":28}}],"line":13}},"s":{"0":1,"1":1,"2":1,"3":9,"4":9,"5":4,"6":4,"7":9,"8":4,"9":2,"10":1,"11":1,"12":1,"13":1,"14":1,"15":1,"16":1,"17":1},"f":{"0":9,"1":4,"2":2,"3":1},"b":{"0":[1]},"_coverageSchema":"1a1c01bbd47fc00a2c39e90264f33305004495a9","hash":"75632f3cce8c5d602adda981b9109225c5ecadc2"}
,"C:\\Users\\DEL\\Desktop\\Tarefa QTS - ARRUMAR\\model\\Titular.js": {"path":"C:\\Users\\DEL\\Desktop\\Tarefa QTS - ARRUMAR\\model\\Titular.js","statementMap":{"0":{"start":{"line":2,"column":23},"end":{"line":2,"column":25}},"1":{"start":{"line":4,"column":8},"end":{"line":4,"column":24}},"2":{"start":{"line":5,"column":8},"end":{"line":5,"column":22}},"3":{"start":{"line":6,"column":8},"end":{"line":6,"column":32}},"4":{"start":{"line":7,"column":8},"end":{"line":7,"column":32}},"5":{"start":{"line":8,"column":8},"end":{"line":8,"column":26}},"6":{"start":{"line":9,"column":8},"end":{"line":9,"column":32}},"7":{"start":{"line":10,"column":8},"end":{"line":10,"column":36}},"8":{"start":{"line":14,"column":8},"end":{"line":14,"column":112}},"9":{"start":{"line":15,"column":8},"end":{"line":15,"column":104}},"10":{"start":{"line":16,"column":8},"end":{"line":16,"column":120}},"11":{"start":{"line":17,"column":8},"end":{"line":17,"column":112}},"12":{"start":{"line":18,"column":8},"end":{"line":18,"column":124}},"13":{"start":{"line":19,"column":8},"end":{"line":19,"column":126}},"14":{"start":{"line":20,"column":8},"end":{"line":20,"column":119}},"15":{"start":{"line":21,"column":8},"end":{"line":21,"column":126}},"16":{"start":{"line":22,"column":8},"end":{"line":22,"column":120}},"17":{"start":{"line":23,"column":8},"end":{"line":23,"column":116}},"18":{"start":{"line":24,"column":8},"end":{"line":24,"column":122}},"19":{"start":{"line":25,"column":8},"end":{"line":25,"column":116}},"20":{"start":{"line":26,"column":8},"end":{"line":26,"column":127}},"21":{"start":{"line":27,"column":8},"end":{"line":27,"column":125}},"22":{"start":{"line":28,"column":8},"end":{"line":28,"column":119}},"23":{"start":{"line":29,"column":8},"end":{"line":29,"column":123}},"24":{"start":{"line":30,"column":8},"end":{"line":30,"column":117}},"25":{"start":{"line":31,"column":8},"end":{"line":31,"column":123}},"26":{"start":{"line":32,"column":8},"end":{"line":32,"column":122}},"27":{"start":{"line":33,"column":8},"end":{"line":33,"column":121}},"28":{"start":{"line":40,"column":1},"end":{"line":40,"column":27}}},"fnMap":{"0":{"name":"(anonymous_0)","decl":{"start":{"line":3,"column":4},"end":{"line":3,"column":5}},"loc":{"start":{"line":3,"column":63},"end":{"line":11,"column":5}},"line":3},"1":{"name":"(anonymous_1)","decl":{"start":{"line":13,"column":4},"end":{"line":13,"column":5}},"loc":{"start":{"line":13,"column":27},"end":{"line":34,"column":5}},"line":13}},"branchMap":{},"s":{"0":4,"1":80,"2":80,"3":80,"4":80,"5":80,"6":80,"7":80,"8":4,"9":4,"10":4,"11":4,"12":4,"13":4,"14":4,"15":4,"16":4,"17":4,"18":4,"19":4,"20":4,"21":4,"22":4,"23":4,"24":4,"25":4,"26":4,"27":4,"28":4},"f":{"0":80,"1":4},"b":{},"_coverageSchema":"1a1c01bbd47fc00a2c39e90264f33305004495a9","hash":"03b80459c4a49e6d01bab8282331e9da387a8997"}
}
