TN:
SF:model\Conta.js
FN:5,(anonymous_0)
FN:14,(anonymous_1)
FN:18,(anonymous_2)
FN:32,(anonymous_3)
FN:40,(anonymous_4)
FN:53,(anonymous_5)
FN:62,(anonymous_6)
FN:85,(anonymous_7)
FN:90,(anonymous_8)
FNF:9
FNH:9
FNDA:44,(anonymous_0)
FNDA:21,(anonymous_1)
FNDA:303,(anonymous_2)
FNDA:2,(anonymous_3)
FNDA:9,(anonymous_4)
FNDA:5,(anonymous_5)
FNDA:10,(anonymous_6)
FNDA:1,(anonymous_7)
FNDA:1,(anonymous_8)
DA:1,3
DA:4,3
DA:6,44
DA:7,44
DA:8,44
DA:9,44
DA:10,44
DA:11,44
DA:15,21
DA:17,21
DA:18,21
DA:19,303
DA:20,16
DA:25,21
DA:26,16
DA:28,5
DA:33,2
DA:34,1
DA:36,1
DA:41,9
DA:42,8
DA:43,4
DA:44,4
DA:46,4
DA:49,1
DA:54,5
DA:55,4
DA:56,4
DA:58,1
DA:64,10
DA:65,10
DA:66,10
DA:69,9
DA:70,9
DA:71,9
DA:74,6
DA:75,6
DA:76,3
DA:80,3
DA:81,3
DA:86,1
DA:87,1
DA:91,1
DA:92,1
DA:93,1
DA:94,1
DA:95,1
DA:96,1
DA:97,1
DA:98,1
DA:99,1
DA:100,1
DA:101,1
DA:102,1
DA:103,1
DA:104,1
DA:105,1
DA:110,3
LF:58
LH:58
BRDA:19,0,0,16
BRDA:19,0,1,287
BRDA:19,1,0,303
BRDA:19,1,1,17
BRDA:19,1,2,16
BRDA:25,2,0,16
BRDA:25,2,1,5
BRDA:33,3,0,1
BRDA:33,3,1,1
BRDA:41,4,0,8
BRDA:41,4,1,1
BRDA:42,5,0,4
BRDA:42,5,1,4
BRDA:54,6,0,4
BRDA:54,6,1,1
BRDA:66,7,0,1
BRDA:66,7,1,9
BRDA:71,8,0,3
BRDA:71,8,1,6
BRDA:75,9,0,3
BRDA:75,9,1,3
BRF:21
BRH:21
end_of_record
TN:
SF:model\ContaCorrente.js
FN:7,(anonymous_0)
FN:15,(anonymous_1)
FN:20,(anonymous_2)
FN:40,(anonymous_3)
FNF:4
FNH:4
FNDA:22,(anonymous_0)
FNDA:1,(anonymous_1)
FNDA:7,(anonymous_2)
FNDA:1,(anonymous_3)
DA:1,1
DA:2,1
DA:5,1
DA:8,22
DA:9,22
DA:12,22
DA:16,1
DA:17,1
DA:21,7
DA:22,1
DA:25,6
DA:26,2
DA:29,4
DA:31,4
DA:41,1
DA:42,1
DA:44,1
DA:45,1
DA:46,1
DA:47,1
DA:48,1
DA:49,1
DA:50,1
DA:51,1
DA:52,1
DA:53,1
DA:54,1
DA:55,1
DA:56,1
DA:57,1
DA:58,1
DA:59,1
DA:60,1
DA:61,1
DA:62,1
DA:63,1
DA:67,1
LF:37
LH:37
BRDA:7,0,0,1
BRDA:20,1,0,0
BRDA:21,2,0,1
BRDA:21,2,1,6
BRDA:21,3,0,7
BRDA:21,3,1,1
BRDA:25,4,0,2
BRDA:25,4,1,4
BRDA:25,5,0,6
BRDA:25,5,1,6
BRF:10
BRH:9
end_of_record
TN:
SF:model\ContaPoupanca.js
FN:7,(anonymous_0)
FN:13,(anonymous_1)
FN:22,(anonymous_2)
FN:26,(anonymous_3)
FNF:4
FNH:4
FNDA:9,(anonymous_0)
FNDA:4,(anonymous_1)
FNDA:2,(anonymous_2)
FNDA:1,(anonymous_3)
DA:1,1
DA:2,1
DA:5,1
DA:8,9
DA:9,9
DA:15,4
DA:16,9
DA:18,4
DA:23,2
DA:27,1
DA:28,1
DA:30,1
DA:31,1
DA:32,1
DA:33,1
DA:34,1
DA:38,1
LF:17
LH:17
BRDA:13,0,0,1
BRF:1
BRH:1
end_of_record
TN:
SF:model\Titular.js
FN:3,(anonymous_0)
FN:13,(anonymous_1)
FNF:2
FNH:2
FNDA:80,(anonymous_0)
FNDA:4,(anonymous_1)
DA:2,4
DA:4,80
DA:5,80
DA:6,80
DA:7,80
DA:8,80
DA:9,80
DA:10,80
DA:14,4
DA:15,4
DA:16,4
DA:17,4
DA:18,4
DA:19,4
DA:20,4
DA:21,4
DA:22,4
DA:23,4
DA:24,4
DA:25,4
DA:26,4
DA:27,4
DA:28,4
DA:29,4
DA:30,4
DA:31,4
DA:32,4
DA:33,4
DA:40,4
LF:29
LH:29
BRF:0
BRH:0
end_of_record
